2025-10-06T22:58:40.283-05:00  INFO 20292 --- [TuTicket] [restartedMain] c.g.TuTicket.TuTicketApplication         : Starting TuTicketApplication using Java 23 with PID 20292 (C:\Users\Rodri\Documents\ProgramingProjects\Ingesoft\TicketSync\backend\target\classes started by Rodri in C:\Users\Rodri\Documents\ProgramingProjects\Ingesoft\TicketSync\backend)
2025-10-06T22:58:40.284-05:00  INFO 20292 --- [TuTicket] [restartedMain] c.g.TuTicket.TuTicketApplication         : No active profile set, falling back to 1 default profile: "default"
2025-10-06T22:58:40.699-05:00  INFO 20292 --- [TuTicket] [restartedMain] .s.d.r.c.RepositoryConfigurationDelegate : Bootstrapping Spring Data JPA repositories in DEFAULT mode.
2025-10-06T22:58:40.770-05:00  INFO 20292 --- [TuTicket] [restartedMain] .s.d.r.c.RepositoryConfigurationDelegate : Finished Spring Data repository scanning in 69 ms. Found 18 JPA repository interfaces.
2025-10-06T22:58:41.003-05:00  INFO 20292 --- [TuTicket] [restartedMain] o.s.b.w.embedded.tomcat.TomcatWebServer  : Tomcat initialized with port 8080 (http)
2025-10-06T22:58:41.005-05:00  INFO 20292 --- [TuTicket] [restartedMain] o.apache.catalina.core.StandardService   : Starting service [Tomcat]
2025-10-06T22:58:41.006-05:00  INFO 20292 --- [TuTicket] [restartedMain] o.apache.catalina.core.StandardEngine    : Starting Servlet engine: [Apache Tomcat/10.1.46]
2025-10-06T22:58:41.037-05:00  INFO 20292 --- [TuTicket] [restartedMain] o.a.c.c.C.[Tomcat].[localhost].[/]       : Initializing Spring embedded WebApplicationContext
2025-10-06T22:58:41.037-05:00  INFO 20292 --- [TuTicket] [restartedMain] w.s.c.ServletWebServerApplicationContext : Root WebApplicationContext: initialization completed in 748 ms
2025-10-06T22:58:41.096-05:00  INFO 20292 --- [TuTicket] [restartedMain] com.zaxxer.hikari.HikariDataSource       : HikariPool-2 - Starting...
2025-10-06T22:58:41.169-05:00  INFO 20292 --- [TuTicket] [restartedMain] com.zaxxer.hikari.pool.HikariPool        : HikariPool-2 - Added connection org.postgresql.jdbc.PgConnection@21d08e50
2025-10-06T22:58:41.170-05:00  INFO 20292 --- [TuTicket] [restartedMain] com.zaxxer.hikari.HikariDataSource       : HikariPool-2 - Start completed.
2025-10-06T22:58:41.174-05:00  INFO 20292 --- [TuTicket] [restartedMain] o.hibernate.jpa.internal.util.LogHelper  : HHH000204: Processing PersistenceUnitInfo [name: default]
2025-10-06T22:58:41.180-05:00  INFO 20292 --- [TuTicket] [restartedMain] o.h.c.internal.RegionFactoryInitiator    : HHH000026: Second-level cache disabled
2025-10-06T22:58:41.202-05:00  INFO 20292 --- [TuTicket] [restartedMain] o.s.o.j.p.SpringPersistenceUnitInfo      : No LoadTimeWeaver setup: ignoring JPA class transformer
2025-10-06T22:58:41.214-05:00  WARN 20292 --- [TuTicket] [restartedMain] org.hibernate.orm.deprecation            : HHH90000025: PostgreSQLDialect does not need to be specified explicitly using 'hibernate.dialect' (remove the property setting and it will be selected by default)
2025-10-06T22:58:41.218-05:00  INFO 20292 --- [TuTicket] [restartedMain] org.hibernate.orm.connections.pooling    : HHH10001005: Database info:
	Database JDBC URL [Connecting through datasource 'HikariDataSource (HikariPool-2)']
	Database driver: undefined/unknown
	Database version: 17.6
	Autocommit mode: undefined/unknown
	Isolation level: undefined/unknown
	Minimum pool size: undefined/unknown
	Maximum pool size: undefined/unknown
2025-10-06T22:58:41.572-05:00  INFO 20292 --- [TuTicket] [restartedMain] o.h.e.t.j.p.i.JtaPlatformInitiator       : HHH000489: No JTA platform available (set 'hibernate.transaction.jta.platform' to enable JTA platform integration)
2025-10-06T22:58:41.572-05:00  INFO 20292 --- [TuTicket] [restartedMain] j.LocalContainerEntityManagerFactoryBean : Initialized JPA EntityManagerFactory for persistence unit 'default'
2025-10-06T22:58:41.677-05:00  INFO 20292 --- [TuTicket] [restartedMain] eAuthenticationProviderManagerConfigurer : Global AuthenticationManager configured with AuthenticationProvider bean with name authenticationProvider
2025-10-06T22:58:41.678-05:00  WARN 20292 --- [TuTicket] [restartedMain] r$InitializeUserDetailsManagerConfigurer : Global AuthenticationManager configured with an AuthenticationProvider bean. UserDetailsService beans will not be used by Spring Security for automatically configuring username/password login. Consider removing the AuthenticationProvider bean. Alternatively, consider using the UserDetailsService in a manually instantiated DaoAuthenticationProvider. If the current configuration is intentional, to turn off this warning, increase the logging level of 'org.springframework.security.config.annotation.authentication.configuration.InitializeUserDetailsBeanManagerConfigurer' to ERROR
2025-10-06T22:58:42.141-05:00  WARN 20292 --- [TuTicket] [restartedMain] JpaBaseConfiguration$JpaWebConfiguration : spring.jpa.open-in-view is enabled by default. Therefore, database queries may be performed during view rendering. Explicitly configure spring.jpa.open-in-view to disable this warning
2025-10-06T22:58:42.599-05:00  INFO 20292 --- [TuTicket] [restartedMain] o.s.b.d.a.OptionalLiveReloadServer       : LiveReload server is running on port 35729
2025-10-06T22:58:42.634-05:00  INFO 20292 --- [TuTicket] [restartedMain] o.s.b.w.embedded.tomcat.TomcatWebServer  : Tomcat started on port 8080 (http) with context path '/'
2025-10-06T22:58:42.640-05:00  INFO 20292 --- [TuTicket] [restartedMain] c.g.TuTicket.TuTicketApplication         : Started TuTicketApplication in 2.41 seconds (process running for 559.594)
2025-10-06T22:58:42.645-05:00  INFO 20292 --- [TuTicket] [restartedMain] .ConditionEvaluationDeltaLoggingListener : Condition evaluation unchanged
2025-10-06T22:58:44.071-05:00  INFO 20292 --- [TuTicket] [File Watcher] rtingClassPathChangeChangedEventListener : Restarting due to 1 class path change (0 additions, 0 deletions, 1 modification)
2025-10-06T22:58:44.073-05:00  INFO 20292 --- [TuTicket] [Thread-7] o.s.b.w.e.tomcat.GracefulShutdown        : Commencing graceful shutdown. Waiting for active requests to complete
2025-10-06T22:58:44.083-05:00  INFO 20292 --- [TuTicket] [tomcat-shutdown] o.s.b.w.e.tomcat.GracefulShutdown        : Graceful shutdown complete
2025-10-06T22:58:44.087-05:00  INFO 20292 --- [TuTicket] [Thread-7] j.LocalContainerEntityManagerFactoryBean : Closing JPA EntityManagerFactory for persistence unit 'default'
2025-10-06T22:58:44.087-05:00  INFO 20292 --- [TuTicket] [Thread-7] com.zaxxer.hikari.HikariDataSource       : HikariPool-2 - Shutdown initiated...
2025-10-06T22:58:44.090-05:00  INFO 20292 --- [TuTicket] [Thread-7] com.zaxxer.hikari.HikariDataSource       : HikariPool-2 - Shutdown completed.
2025-10-06T22:58:44.188-05:00  INFO 20292 --- [TuTicket] [restartedMain] c.g.TuTicket.TuTicketApplication         : Starting TuTicketApplication using Java 23 with PID 20292 (C:\Users\Rodri\Documents\ProgramingProjects\Ingesoft\TicketSync\backend\target\classes started by Rodri in C:\Users\Rodri\Documents\ProgramingProjects\Ingesoft\TicketSync\backend)
2025-10-06T22:58:44.189-05:00  INFO 20292 --- [TuTicket] [restartedMain] c.g.TuTicket.TuTicketApplication         : No active profile set, falling back to 1 default profile: "default"
2025-10-06T22:58:44.393-05:00  INFO 20292 --- [TuTicket] [restartedMain] .s.d.r.c.RepositoryConfigurationDelegate : Bootstrapping Spring Data JPA repositories in DEFAULT mode.
2025-10-06T22:58:44.444-05:00  INFO 20292 --- [TuTicket] [restartedMain] .s.d.r.c.RepositoryConfigurationDelegate : Finished Spring Data repository scanning in 49 ms. Found 18 JPA repository interfaces.
2025-10-06T22:58:44.547-05:00  INFO 20292 --- [TuTicket] [restartedMain] o.s.b.w.embedded.tomcat.TomcatWebServer  : Tomcat initialized with port 8080 (http)
2025-10-06T22:58:44.548-05:00  INFO 20292 --- [TuTicket] [restartedMain] o.apache.catalina.core.StandardService   : Starting service [Tomcat]
2025-10-06T22:58:44.548-05:00  INFO 20292 --- [TuTicket] [restartedMain] o.apache.catalina.core.StandardEngine    : Starting Servlet engine: [Apache Tomcat/10.1.46]
2025-10-06T22:58:44.571-05:00  INFO 20292 --- [TuTicket] [restartedMain] o.a.c.c.C.[Tomcat].[localhost].[/]       : Initializing Spring embedded WebApplicationContext
2025-10-06T22:58:44.571-05:00  INFO 20292 --- [TuTicket] [restartedMain] w.s.c.ServletWebServerApplicationContext : Root WebApplicationContext: initialization completed in 381 ms
2025-10-06T22:58:44.616-05:00  INFO 20292 --- [TuTicket] [restartedMain] com.zaxxer.hikari.HikariDataSource       : HikariPool-3 - Starting...
2025-10-06T22:58:44.675-05:00  INFO 20292 --- [TuTicket] [restartedMain] com.zaxxer.hikari.pool.HikariPool        : HikariPool-3 - Added connection org.postgresql.jdbc.PgConnection@224546dd
2025-10-06T22:58:44.675-05:00  INFO 20292 --- [TuTicket] [restartedMain] com.zaxxer.hikari.HikariDataSource       : HikariPool-3 - Start completed.
2025-10-06T22:58:44.676-05:00  INFO 20292 --- [TuTicket] [restartedMain] o.hibernate.jpa.internal.util.LogHelper  : HHH000204: Processing PersistenceUnitInfo [name: default]
2025-10-06T22:58:44.678-05:00  INFO 20292 --- [TuTicket] [restartedMain] o.h.c.internal.RegionFactoryInitiator    : HHH000026: Second-level cache disabled
2025-10-06T22:58:44.692-05:00  INFO 20292 --- [TuTicket] [restartedMain] o.s.o.j.p.SpringPersistenceUnitInfo      : No LoadTimeWeaver setup: ignoring JPA class transformer
2025-10-06T22:58:44.703-05:00  WARN 20292 --- [TuTicket] [restartedMain] org.hibernate.orm.deprecation            : HHH90000025: PostgreSQLDialect does not need to be specified explicitly using 'hibernate.dialect' (remove the property setting and it will be selected by default)
2025-10-06T22:58:44.704-05:00  INFO 20292 --- [TuTicket] [restartedMain] org.hibernate.orm.connections.pooling    : HHH10001005: Database info:
	Database JDBC URL [Connecting through datasource 'HikariDataSource (HikariPool-3)']
	Database driver: undefined/unknown
	Database version: 17.6
	Autocommit mode: undefined/unknown
	Isolation level: undefined/unknown
	Minimum pool size: undefined/unknown
	Maximum pool size: undefined/unknown
2025-10-06T22:58:44.895-05:00  INFO 20292 --- [TuTicket] [restartedMain] o.h.e.t.j.p.i.JtaPlatformInitiator       : HHH000489: No JTA platform available (set 'hibernate.transaction.jta.platform' to enable JTA platform integration)
2025-10-06T22:58:44.895-05:00  INFO 20292 --- [TuTicket] [restartedMain] j.LocalContainerEntityManagerFactoryBean : Initialized JPA EntityManagerFactory for persistence unit 'default'
2025-10-06T22:58:44.954-05:00  INFO 20292 --- [TuTicket] [restartedMain] eAuthenticationProviderManagerConfigurer : Global AuthenticationManager configured with AuthenticationProvider bean with name authenticationProvider
2025-10-06T22:58:44.955-05:00  WARN 20292 --- [TuTicket] [restartedMain] r$InitializeUserDetailsManagerConfigurer : Global AuthenticationManager configured with an AuthenticationProvider bean. UserDetailsService beans will not be used by Spring Security for automatically configuring username/password login. Consider removing the AuthenticationProvider bean. Alternatively, consider using the UserDetailsService in a manually instantiated DaoAuthenticationProvider. If the current configuration is intentional, to turn off this warning, increase the logging level of 'org.springframework.security.config.annotation.authentication.configuration.InitializeUserDetailsBeanManagerConfigurer' to ERROR
2025-10-06T22:58:45.153-05:00  WARN 20292 --- [TuTicket] [restartedMain] JpaBaseConfiguration$JpaWebConfiguration : spring.jpa.open-in-view is enabled by default. Therefore, database queries may be performed during view rendering. Explicitly configure spring.jpa.open-in-view to disable this warning
2025-10-06T22:58:45.270-05:00  INFO 20292 --- [TuTicket] [restartedMain] o.s.b.d.a.OptionalLiveReloadServer       : LiveReload server is running on port 35729
2025-10-06T22:58:45.284-05:00  INFO 20292 --- [TuTicket] [restartedMain] o.s.b.w.embedded.tomcat.TomcatWebServer  : Tomcat started on port 8080 (http) with context path '/'
2025-10-06T22:58:45.288-05:00  INFO 20292 --- [TuTicket] [restartedMain] c.g.TuTicket.TuTicketApplication         : Started TuTicketApplication in 1.13 seconds (process running for 562.241)
2025-10-06T22:58:45.291-05:00  INFO 20292 --- [TuTicket] [restartedMain] .ConditionEvaluationDeltaLoggingListener : Condition evaluation unchanged
2025-10-06T22:58:49.860-05:00  INFO 20292 --- [TuTicket] [File Watcher] rtingClassPathChangeChangedEventListener : Restarting due to 1 class path change (0 additions, 0 deletions, 1 modification)
2025-10-06T22:58:49.862-05:00  INFO 20292 --- [TuTicket] [Thread-11] o.s.b.w.e.tomcat.GracefulShutdown        : Commencing graceful shutdown. Waiting for active requests to complete
2025-10-06T22:58:49.870-05:00  INFO 20292 --- [TuTicket] [tomcat-shutdown] o.s.b.w.e.tomcat.GracefulShutdown        : Graceful shutdown complete
2025-10-06T22:58:49.873-05:00  INFO 20292 --- [TuTicket] [Thread-11] j.LocalContainerEntityManagerFactoryBean : Closing JPA EntityManagerFactory for persistence unit 'default'
2025-10-06T22:58:49.874-05:00  INFO 20292 --- [TuTicket] [Thread-11] com.zaxxer.hikari.HikariDataSource       : HikariPool-3 - Shutdown initiated...
2025-10-06T22:58:49.876-05:00  INFO 20292 --- [TuTicket] [Thread-11] com.zaxxer.hikari.HikariDataSource       : HikariPool-3 - Shutdown completed.
2025-10-06T22:58:49.995-05:00  INFO 20292 --- [TuTicket] [restartedMain] c.g.TuTicket.TuTicketApplication         : Starting TuTicketApplication using Java 23 with PID 20292 (C:\Users\Rodri\Documents\ProgramingProjects\Ingesoft\TicketSync\backend\target\classes started by Rodri in C:\Users\Rodri\Documents\ProgramingProjects\Ingesoft\TicketSync\backend)
2025-10-06T22:58:49.996-05:00  INFO 20292 --- [TuTicket] [restartedMain] c.g.TuTicket.TuTicketApplication         : No active profile set, falling back to 1 default profile: "default"
2025-10-06T22:58:50.440-05:00  INFO 20292 --- [TuTicket] [restartedMain] .s.d.r.c.RepositoryConfigurationDelegate : Bootstrapping Spring Data JPA repositories in DEFAULT mode.
2025-10-06T22:58:50.579-05:00  INFO 20292 --- [TuTicket] [restartedMain] .s.d.r.c.RepositoryConfigurationDelegate : Finished Spring Data repository scanning in 136 ms. Found 18 JPA repository interfaces.
2025-10-06T22:58:50.808-05:00  INFO 20292 --- [TuTicket] [restartedMain] o.s.b.w.embedded.tomcat.TomcatWebServer  : Tomcat initialized with port 8080 (http)
2025-10-06T22:58:50.809-05:00  INFO 20292 --- [TuTicket] [restartedMain] o.apache.catalina.core.StandardService   : Starting service [Tomcat]
2025-10-06T22:58:50.810-05:00  INFO 20292 --- [TuTicket] [restartedMain] o.apache.catalina.core.StandardEngine    : Starting Servlet engine: [Apache Tomcat/10.1.46]
2025-10-06T22:58:50.838-05:00  INFO 20292 --- [TuTicket] [restartedMain] o.a.c.c.C.[Tomcat].[localhost].[/]       : Initializing Spring embedded WebApplicationContext
2025-10-06T22:58:50.838-05:00  INFO 20292 --- [TuTicket] [restartedMain] w.s.c.ServletWebServerApplicationContext : Root WebApplicationContext: initialization completed in 838 ms
2025-10-06T22:58:50.909-05:00  INFO 20292 --- [TuTicket] [restartedMain] com.zaxxer.hikari.HikariDataSource       : HikariPool-4 - Starting...
2025-10-06T22:58:50.982-05:00  INFO 20292 --- [TuTicket] [restartedMain] com.zaxxer.hikari.pool.HikariPool        : HikariPool-4 - Added connection org.postgresql.jdbc.PgConnection@520ed28f
2025-10-06T22:58:50.982-05:00  INFO 20292 --- [TuTicket] [restartedMain] com.zaxxer.hikari.HikariDataSource       : HikariPool-4 - Start completed.
2025-10-06T22:58:50.983-05:00  INFO 20292 --- [TuTicket] [restartedMain] o.hibernate.jpa.internal.util.LogHelper  : HHH000204: Processing PersistenceUnitInfo [name: default]
2025-10-06T22:58:50.986-05:00  INFO 20292 --- [TuTicket] [restartedMain] o.h.c.internal.RegionFactoryInitiator    : HHH000026: Second-level cache disabled
2025-10-06T22:58:50.999-05:00  INFO 20292 --- [TuTicket] [restartedMain] o.s.o.j.p.SpringPersistenceUnitInfo      : No LoadTimeWeaver setup: ignoring JPA class transformer
2025-10-06T22:58:51.009-05:00  WARN 20292 --- [TuTicket] [restartedMain] org.hibernate.orm.deprecation            : HHH90000025: PostgreSQLDialect does not need to be specified explicitly using 'hibernate.dialect' (remove the property setting and it will be selected by default)
2025-10-06T22:58:51.010-05:00  INFO 20292 --- [TuTicket] [restartedMain] org.hibernate.orm.connections.pooling    : HHH10001005: Database info:
	Database JDBC URL [Connecting through datasource 'HikariDataSource (HikariPool-4)']
	Database driver: undefined/unknown
	Database version: 17.6
	Autocommit mode: undefined/unknown
	Isolation level: undefined/unknown
	Minimum pool size: undefined/unknown
	Maximum pool size: undefined/unknown
2025-10-06T22:58:51.263-05:00  INFO 20292 --- [TuTicket] [restartedMain] o.h.e.t.j.p.i.JtaPlatformInitiator       : HHH000489: No JTA platform available (set 'hibernate.transaction.jta.platform' to enable JTA platform integration)
2025-10-06T22:58:51.264-05:00  INFO 20292 --- [TuTicket] [restartedMain] j.LocalContainerEntityManagerFactoryBean : Initialized JPA EntityManagerFactory for persistence unit 'default'
2025-10-06T22:58:51.344-05:00  INFO 20292 --- [TuTicket] [restartedMain] eAuthenticationProviderManagerConfigurer : Global AuthenticationManager configured with AuthenticationProvider bean with name authenticationProvider
2025-10-06T22:58:51.345-05:00  WARN 20292 --- [TuTicket] [restartedMain] r$InitializeUserDetailsManagerConfigurer : Global AuthenticationManager configured with an AuthenticationProvider bean. UserDetailsService beans will not be used by Spring Security for automatically configuring username/password login. Consider removing the AuthenticationProvider bean. Alternatively, consider using the UserDetailsService in a manually instantiated DaoAuthenticationProvider. If the current configuration is intentional, to turn off this warning, increase the logging level of 'org.springframework.security.config.annotation.authentication.configuration.InitializeUserDetailsBeanManagerConfigurer' to ERROR
2025-10-06T22:58:51.569-05:00  WARN 20292 --- [TuTicket] [restartedMain] JpaBaseConfiguration$JpaWebConfiguration : spring.jpa.open-in-view is enabled by default. Therefore, database queries may be performed during view rendering. Explicitly configure spring.jpa.open-in-view to disable this warning
2025-10-06T22:58:51.684-05:00  INFO 20292 --- [TuTicket] [restartedMain] o.s.b.d.a.OptionalLiveReloadServer       : LiveReload server is running on port 35729
2025-10-06T22:58:51.699-05:00  INFO 20292 --- [TuTicket] [restartedMain] o.s.b.w.embedded.tomcat.TomcatWebServer  : Tomcat started on port 8080 (http) with context path '/'
2025-10-06T22:58:51.702-05:00  INFO 20292 --- [TuTicket] [restartedMain] c.g.TuTicket.TuTicketApplication         : Started TuTicketApplication in 1.754 seconds (process running for 568.655)
2025-10-06T22:58:51.703-05:00  INFO 20292 --- [TuTicket] [restartedMain] .ConditionEvaluationDeltaLoggingListener : Condition evaluation unchanged
2025-10-06T22:59:43.825-05:00  INFO 20292 --- [TuTicket] [File Watcher] rtingClassPathChangeChangedEventListener : Restarting due to 1 class path change (0 additions, 0 deletions, 1 modification)
2025-10-06T22:59:43.826-05:00  INFO 20292 --- [TuTicket] [Thread-15] o.s.b.w.e.tomcat.GracefulShutdown        : Commencing graceful shutdown. Waiting for active requests to complete
2025-10-06T22:59:43.835-05:00  INFO 20292 --- [TuTicket] [tomcat-shutdown] o.s.b.w.e.tomcat.GracefulShutdown        : Graceful shutdown complete
2025-10-06T22:59:43.839-05:00  INFO 20292 --- [TuTicket] [Thread-15] j.LocalContainerEntityManagerFactoryBean : Closing JPA EntityManagerFactory for persistence unit 'default'
2025-10-06T22:59:43.840-05:00  INFO 20292 --- [TuTicket] [Thread-15] com.zaxxer.hikari.HikariDataSource       : HikariPool-4 - Shutdown initiated...
2025-10-06T22:59:43.844-05:00  INFO 20292 --- [TuTicket] [Thread-15] com.zaxxer.hikari.HikariDataSource       : HikariPool-4 - Shutdown completed.
2025-10-06T22:59:43.966-05:00  INFO 20292 --- [TuTicket] [restartedMain] c.g.TuTicket.TuTicketApplication         : Starting TuTicketApplication using Java 23 with PID 20292 (C:\Users\Rodri\Documents\ProgramingProjects\Ingesoft\TicketSync\backend\target\classes started by Rodri in C:\Users\Rodri\Documents\ProgramingProjects\Ingesoft\TicketSync\backend)
2025-10-06T22:59:43.967-05:00  INFO 20292 --- [TuTicket] [restartedMain] c.g.TuTicket.TuTicketApplication         : No active profile set, falling back to 1 default profile: "default"
2025-10-06T22:59:44.339-05:00  INFO 20292 --- [TuTicket] [restartedMain] .s.d.r.c.RepositoryConfigurationDelegate : Bootstrapping Spring Data JPA repositories in DEFAULT mode.
2025-10-06T22:59:44.419-05:00  INFO 20292 --- [TuTicket] [restartedMain] .s.d.r.c.RepositoryConfigurationDelegate : Finished Spring Data repository scanning in 77 ms. Found 18 JPA repository interfaces.
2025-10-06T22:59:44.682-05:00  INFO 20292 --- [TuTicket] [restartedMain] o.s.b.w.embedded.tomcat.TomcatWebServer  : Tomcat initialized with port 8080 (http)
2025-10-06T22:59:44.684-05:00  INFO 20292 --- [TuTicket] [restartedMain] o.apache.catalina.core.StandardService   : Starting service [Tomcat]
2025-10-06T22:59:44.684-05:00  INFO 20292 --- [TuTicket] [restartedMain] o.apache.catalina.core.StandardEngine    : Starting Servlet engine: [Apache Tomcat/10.1.46]
2025-10-06T22:59:44.710-05:00  INFO 20292 --- [TuTicket] [restartedMain] o.a.c.c.C.[Tomcat].[localhost].[/]       : Initializing Spring embedded WebApplicationContext
2025-10-06T22:59:44.711-05:00  INFO 20292 --- [TuTicket] [restartedMain] w.s.c.ServletWebServerApplicationContext : Root WebApplicationContext: initialization completed in 741 ms
2025-10-06T22:59:44.800-05:00  INFO 20292 --- [TuTicket] [restartedMain] com.zaxxer.hikari.HikariDataSource       : HikariPool-5 - Starting...
2025-10-06T22:59:44.886-05:00  INFO 20292 --- [TuTicket] [restartedMain] com.zaxxer.hikari.pool.HikariPool        : HikariPool-5 - Added connection org.postgresql.jdbc.PgConnection@47c1a56b
2025-10-06T22:59:44.888-05:00  INFO 20292 --- [TuTicket] [restartedMain] com.zaxxer.hikari.HikariDataSource       : HikariPool-5 - Start completed.
2025-10-06T22:59:44.890-05:00  INFO 20292 --- [TuTicket] [restartedMain] o.hibernate.jpa.internal.util.LogHelper  : HHH000204: Processing PersistenceUnitInfo [name: default]
2025-10-06T22:59:44.897-05:00  INFO 20292 --- [TuTicket] [restartedMain] o.h.c.internal.RegionFactoryInitiator    : HHH000026: Second-level cache disabled
2025-10-06T22:59:44.921-05:00  INFO 20292 --- [TuTicket] [restartedMain] o.s.o.j.p.SpringPersistenceUnitInfo      : No LoadTimeWeaver setup: ignoring JPA class transformer
2025-10-06T22:59:44.934-05:00  WARN 20292 --- [TuTicket] [restartedMain] org.hibernate.orm.deprecation            : HHH90000025: PostgreSQLDialect does not need to be specified explicitly using 'hibernate.dialect' (remove the property setting and it will be selected by default)
2025-10-06T22:59:44.938-05:00  INFO 20292 --- [TuTicket] [restartedMain] org.hibernate.orm.connections.pooling    : HHH10001005: Database info:
	Database JDBC URL [Connecting through datasource 'HikariDataSource (HikariPool-5)']
	Database driver: undefined/unknown
	Database version: 17.6
	Autocommit mode: undefined/unknown
	Isolation level: undefined/unknown
	Minimum pool size: undefined/unknown
	Maximum pool size: undefined/unknown
2025-10-06T22:59:45.270-05:00  INFO 20292 --- [TuTicket] [restartedMain] o.h.e.t.j.p.i.JtaPlatformInitiator       : HHH000489: No JTA platform available (set 'hibernate.transaction.jta.platform' to enable JTA platform integration)
2025-10-06T22:59:45.270-05:00  INFO 20292 --- [TuTicket] [restartedMain] j.LocalContainerEntityManagerFactoryBean : Initialized JPA EntityManagerFactory for persistence unit 'default'
2025-10-06T22:59:45.341-05:00  INFO 20292 --- [TuTicket] [restartedMain] eAuthenticationProviderManagerConfigurer : Global AuthenticationManager configured with AuthenticationProvider bean with name authenticationProvider
2025-10-06T22:59:45.341-05:00  WARN 20292 --- [TuTicket] [restartedMain] r$InitializeUserDetailsManagerConfigurer : Global AuthenticationManager configured with an AuthenticationProvider bean. UserDetailsService beans will not be used by Spring Security for automatically configuring username/password login. Consider removing the AuthenticationProvider bean. Alternatively, consider using the UserDetailsService in a manually instantiated DaoAuthenticationProvider. If the current configuration is intentional, to turn off this warning, increase the logging level of 'org.springframework.security.config.annotation.authentication.configuration.InitializeUserDetailsBeanManagerConfigurer' to ERROR
2025-10-06T22:59:45.598-05:00  WARN 20292 --- [TuTicket] [restartedMain] JpaBaseConfiguration$JpaWebConfiguration : spring.jpa.open-in-view is enabled by default. Therefore, database queries may be performed during view rendering. Explicitly configure spring.jpa.open-in-view to disable this warning
2025-10-06T22:59:45.757-05:00  INFO 20292 --- [TuTicket] [restartedMain] o.s.b.d.a.OptionalLiveReloadServer       : LiveReload server is running on port 35729
2025-10-06T22:59:45.773-05:00  INFO 20292 --- [TuTicket] [restartedMain] o.s.b.w.embedded.tomcat.TomcatWebServer  : Tomcat started on port 8080 (http) with context path '/'
2025-10-06T22:59:45.776-05:00  INFO 20292 --- [TuTicket] [restartedMain] c.g.TuTicket.TuTicketApplication         : Started TuTicketApplication in 1.845 seconds (process running for 622.729)
2025-10-06T22:59:45.778-05:00  INFO 20292 --- [TuTicket] [restartedMain] .ConditionEvaluationDeltaLoggingListener : Condition evaluation unchanged
2025-10-06T23:01:16.456-05:00  INFO 20292 --- [TuTicket] [File Watcher] rtingClassPathChangeChangedEventListener : Restarting due to 1 class path change (0 additions, 0 deletions, 1 modification)
2025-10-06T23:01:16.458-05:00  INFO 20292 --- [TuTicket] [Thread-19] o.s.b.w.e.tomcat.GracefulShutdown        : Commencing graceful shutdown. Waiting for active requests to complete
2025-10-06T23:01:16.467-05:00  INFO 20292 --- [TuTicket] [tomcat-shutdown] o.s.b.w.e.tomcat.GracefulShutdown        : Graceful shutdown complete
2025-10-06T23:01:16.471-05:00  INFO 20292 --- [TuTicket] [Thread-19] j.LocalContainerEntityManagerFactoryBean : Closing JPA EntityManagerFactory for persistence unit 'default'
2025-10-06T23:01:16.472-05:00  INFO 20292 --- [TuTicket] [Thread-19] com.zaxxer.hikari.HikariDataSource       : HikariPool-5 - Shutdown initiated...
2025-10-06T23:01:16.474-05:00  INFO 20292 --- [TuTicket] [Thread-19] com.zaxxer.hikari.HikariDataSource       : HikariPool-5 - Shutdown completed.
2025-10-06T23:01:16.584-05:00  INFO 20292 --- [TuTicket] [restartedMain] c.g.TuTicket.TuTicketApplication         : Starting TuTicketApplication using Java 23 with PID 20292 (C:\Users\Rodri\Documents\ProgramingProjects\Ingesoft\TicketSync\backend\target\classes started by Rodri in C:\Users\Rodri\Documents\ProgramingProjects\Ingesoft\TicketSync\backend)
2025-10-06T23:01:16.584-05:00  INFO 20292 --- [TuTicket] [restartedMain] c.g.TuTicket.TuTicketApplication         : No active profile set, falling back to 1 default profile: "default"
2025-10-06T23:01:16.994-05:00  INFO 20292 --- [TuTicket] [restartedMain] .s.d.r.c.RepositoryConfigurationDelegate : Bootstrapping Spring Data JPA repositories in DEFAULT mode.
2025-10-06T23:01:17.086-05:00  INFO 20292 --- [TuTicket] [restartedMain] .s.d.r.c.RepositoryConfigurationDelegate : Finished Spring Data repository scanning in 89 ms. Found 18 JPA repository interfaces.
2025-10-06T23:01:17.282-05:00  INFO 20292 --- [TuTicket] [restartedMain] o.s.b.w.embedded.tomcat.TomcatWebServer  : Tomcat initialized with port 8080 (http)
2025-10-06T23:01:17.283-05:00  INFO 20292 --- [TuTicket] [restartedMain] o.apache.catalina.core.StandardService   : Starting service [Tomcat]
2025-10-06T23:01:17.283-05:00  INFO 20292 --- [TuTicket] [restartedMain] o.apache.catalina.core.StandardEngine    : Starting Servlet engine: [Apache Tomcat/10.1.46]
2025-10-06T23:01:17.316-05:00  INFO 20292 --- [TuTicket] [restartedMain] o.a.c.c.C.[Tomcat].[localhost].[/]       : Initializing Spring embedded WebApplicationContext
2025-10-06T23:01:17.316-05:00  INFO 20292 --- [TuTicket] [restartedMain] w.s.c.ServletWebServerApplicationContext : Root WebApplicationContext: initialization completed in 729 ms
2025-10-06T23:01:17.391-05:00  INFO 20292 --- [TuTicket] [restartedMain] com.zaxxer.hikari.HikariDataSource       : HikariPool-6 - Starting...
2025-10-06T23:01:17.460-05:00  INFO 20292 --- [TuTicket] [restartedMain] com.zaxxer.hikari.pool.HikariPool        : HikariPool-6 - Added connection org.postgresql.jdbc.PgConnection@1faafd42
2025-10-06T23:01:17.461-05:00  INFO 20292 --- [TuTicket] [restartedMain] com.zaxxer.hikari.HikariDataSource       : HikariPool-6 - Start completed.
2025-10-06T23:01:17.462-05:00  INFO 20292 --- [TuTicket] [restartedMain] o.hibernate.jpa.internal.util.LogHelper  : HHH000204: Processing PersistenceUnitInfo [name: default]
2025-10-06T23:01:17.465-05:00  INFO 20292 --- [TuTicket] [restartedMain] o.h.c.internal.RegionFactoryInitiator    : HHH000026: Second-level cache disabled
2025-10-06T23:01:17.477-05:00  INFO 20292 --- [TuTicket] [restartedMain] o.s.o.j.p.SpringPersistenceUnitInfo      : No LoadTimeWeaver setup: ignoring JPA class transformer
2025-10-06T23:01:17.488-05:00  WARN 20292 --- [TuTicket] [restartedMain] org.hibernate.orm.deprecation            : HHH90000025: PostgreSQLDialect does not need to be specified explicitly using 'hibernate.dialect' (remove the property setting and it will be selected by default)
2025-10-06T23:01:17.490-05:00  INFO 20292 --- [TuTicket] [restartedMain] org.hibernate.orm.connections.pooling    : HHH10001005: Database info:
	Database JDBC URL [Connecting through datasource 'HikariDataSource (HikariPool-6)']
	Database driver: undefined/unknown
	Database version: 17.6
	Autocommit mode: undefined/unknown
	Isolation level: undefined/unknown
	Minimum pool size: undefined/unknown
	Maximum pool size: undefined/unknown
2025-10-06T23:01:17.660-05:00  INFO 20292 --- [TuTicket] [restartedMain] o.h.e.t.j.p.i.JtaPlatformInitiator       : HHH000489: No JTA platform available (set 'hibernate.transaction.jta.platform' to enable JTA platform integration)
2025-10-06T23:01:17.661-05:00  INFO 20292 --- [TuTicket] [restartedMain] j.LocalContainerEntityManagerFactoryBean : Initialized JPA EntityManagerFactory for persistence unit 'default'
2025-10-06T23:01:17.733-05:00  INFO 20292 --- [TuTicket] [restartedMain] eAuthenticationProviderManagerConfigurer : Global AuthenticationManager configured with AuthenticationProvider bean with name authenticationProvider
2025-10-06T23:01:17.733-05:00  WARN 20292 --- [TuTicket] [restartedMain] r$InitializeUserDetailsManagerConfigurer : Global AuthenticationManager configured with an AuthenticationProvider bean. UserDetailsService beans will not be used by Spring Security for automatically configuring username/password login. Consider removing the AuthenticationProvider bean. Alternatively, consider using the UserDetailsService in a manually instantiated DaoAuthenticationProvider. If the current configuration is intentional, to turn off this warning, increase the logging level of 'org.springframework.security.config.annotation.authentication.configuration.InitializeUserDetailsBeanManagerConfigurer' to ERROR
2025-10-06T23:01:17.929-05:00  WARN 20292 --- [TuTicket] [restartedMain] JpaBaseConfiguration$JpaWebConfiguration : spring.jpa.open-in-view is enabled by default. Therefore, database queries may be performed during view rendering. Explicitly configure spring.jpa.open-in-view to disable this warning
2025-10-06T23:01:18.052-05:00  INFO 20292 --- [TuTicket] [restartedMain] o.s.b.d.a.OptionalLiveReloadServer       : LiveReload server is running on port 35729
2025-10-06T23:01:18.067-05:00  INFO 20292 --- [TuTicket] [restartedMain] o.s.b.w.embedded.tomcat.TomcatWebServer  : Tomcat started on port 8080 (http) with context path '/'
2025-10-06T23:01:18.070-05:00  INFO 20292 --- [TuTicket] [restartedMain] c.g.TuTicket.TuTicketApplication         : Started TuTicketApplication in 1.522 seconds (process running for 715.023)
2025-10-06T23:01:18.071-05:00  INFO 20292 --- [TuTicket] [restartedMain] .ConditionEvaluationDeltaLoggingListener : Condition evaluation unchanged
2025-10-06T23:01:19.825-05:00  INFO 20292 --- [TuTicket] [SpringApplicationShutdownHook] o.s.b.w.e.tomcat.GracefulShutdown        : Commencing graceful shutdown. Waiting for active requests to complete
2025-10-06T23:01:19.835-05:00  INFO 20292 --- [TuTicket] [tomcat-shutdown] o.s.b.w.e.tomcat.GracefulShutdown        : Graceful shutdown complete
2025-10-06T23:01:19.838-05:00  INFO 20292 --- [TuTicket] [SpringApplicationShutdownHook] j.LocalContainerEntityManagerFactoryBean : Closing JPA EntityManagerFactory for persistence unit 'default'
2025-10-06T23:01:19.839-05:00  INFO 20292 --- [TuTicket] [SpringApplicationShutdownHook] com.zaxxer.hikari.HikariDataSource       : HikariPool-6 - Shutdown initiated...
2025-10-06T23:01:19.841-05:00  INFO 20292 --- [TuTicket] [SpringApplicationShutdownHook] com.zaxxer.hikari.HikariDataSource       : HikariPool-6 - Shutdown completed.
2025-10-06T23:03:47.810-05:00  INFO 31916 --- [TuTicket] [restartedMain] c.g.TuTicket.TuTicketApplication         : Starting TuTicketApplication using Java 23 with PID 31916 (C:\Users\Rodri\Documents\ProgramingProjects\Ingesoft\TicketSync\backend\target\classes started by Rodri in C:\Users\Rodri\Documents\ProgramingProjects\Ingesoft\TicketSync\backend)
2025-10-06T23:03:47.812-05:00  INFO 31916 --- [TuTicket] [restartedMain] c.g.TuTicket.TuTicketApplication         : No active profile set, falling back to 1 default profile: "default"
2025-10-06T23:03:47.911-05:00  INFO 31916 --- [TuTicket] [restartedMain] .e.DevToolsPropertyDefaultsPostProcessor : Devtools property defaults active! Set 'spring.devtools.add-properties' to 'false' to disable
2025-10-06T23:03:47.912-05:00  INFO 31916 --- [TuTicket] [restartedMain] .e.DevToolsPropertyDefaultsPostProcessor : For additional web related logging consider setting the 'logging.level.web' property to 'DEBUG'
2025-10-06T23:03:49.477-05:00  INFO 31916 --- [TuTicket] [restartedMain] .s.d.r.c.RepositoryConfigurationDelegate : Bootstrapping Spring Data JPA repositories in DEFAULT mode.
2025-10-06T23:03:49.668-05:00  INFO 31916 --- [TuTicket] [restartedMain] .s.d.r.c.RepositoryConfigurationDelegate : Finished Spring Data repository scanning in 171 ms. Found 18 JPA repository interfaces.
2025-10-06T23:03:50.558-05:00  INFO 31916 --- [TuTicket] [restartedMain] o.s.b.w.embedded.tomcat.TomcatWebServer  : Tomcat initialized with port 8080 (http)
2025-10-06T23:03:50.582-05:00  INFO 31916 --- [TuTicket] [restartedMain] o.apache.catalina.core.StandardService   : Starting service [Tomcat]
2025-10-06T23:03:50.582-05:00  INFO 31916 --- [TuTicket] [restartedMain] o.apache.catalina.core.StandardEngine    : Starting Servlet engine: [Apache Tomcat/10.1.46]
2025-10-06T23:03:50.673-05:00  INFO 31916 --- [TuTicket] [restartedMain] o.a.c.c.C.[Tomcat].[localhost].[/]       : Initializing Spring embedded WebApplicationContext
2025-10-06T23:03:50.674-05:00  INFO 31916 --- [TuTicket] [restartedMain] w.s.c.ServletWebServerApplicationContext : Root WebApplicationContext: initialization completed in 2760 ms
2025-10-06T23:03:50.928-05:00  INFO 31916 --- [TuTicket] [restartedMain] com.zaxxer.hikari.HikariDataSource       : HikariPool-1 - Starting...
2025-10-06T23:03:51.283-05:00  INFO 31916 --- [TuTicket] [restartedMain] com.zaxxer.hikari.pool.HikariPool        : HikariPool-1 - Added connection org.postgresql.jdbc.PgConnection@67d9a319
2025-10-06T23:03:51.286-05:00  INFO 31916 --- [TuTicket] [restartedMain] com.zaxxer.hikari.HikariDataSource       : HikariPool-1 - Start completed.
2025-10-06T23:03:51.358-05:00  INFO 31916 --- [TuTicket] [restartedMain] o.hibernate.jpa.internal.util.LogHelper  : HHH000204: Processing PersistenceUnitInfo [name: default]
2025-10-06T23:03:51.504-05:00  INFO 31916 --- [TuTicket] [restartedMain] org.hibernate.Version                    : HHH000412: Hibernate ORM core version 6.6.29.Final
2025-10-06T23:03:51.578-05:00  INFO 31916 --- [TuTicket] [restartedMain] o.h.c.internal.RegionFactoryInitiator    : HHH000026: Second-level cache disabled
2025-10-06T23:03:52.167-05:00  INFO 31916 --- [TuTicket] [restartedMain] o.s.o.j.p.SpringPersistenceUnitInfo      : No LoadTimeWeaver setup: ignoring JPA class transformer
2025-10-06T23:03:52.339-05:00  WARN 31916 --- [TuTicket] [restartedMain] org.hibernate.orm.deprecation            : HHH90000025: PostgreSQLDialect does not need to be specified explicitly using 'hibernate.dialect' (remove the property setting and it will be selected by default)
2025-10-06T23:03:52.375-05:00  INFO 31916 --- [TuTicket] [restartedMain] org.hibernate.orm.connections.pooling    : HHH10001005: Database info:
	Database JDBC URL [Connecting through datasource 'HikariDataSource (HikariPool-1)']
	Database driver: undefined/unknown
	Database version: 17.6
	Autocommit mode: undefined/unknown
	Isolation level: undefined/unknown
	Minimum pool size: undefined/unknown
	Maximum pool size: undefined/unknown
2025-10-06T23:03:54.788-05:00  INFO 31916 --- [TuTicket] [restartedMain] o.h.e.t.j.p.i.JtaPlatformInitiator       : HHH000489: No JTA platform available (set 'hibernate.transaction.jta.platform' to enable JTA platform integration)
2025-10-06T23:03:54.793-05:00  INFO 31916 --- [TuTicket] [restartedMain] j.LocalContainerEntityManagerFactoryBean : Initialized JPA EntityManagerFactory for persistence unit 'default'
2025-10-06T23:03:55.420-05:00  INFO 31916 --- [TuTicket] [restartedMain] eAuthenticationProviderManagerConfigurer : Global AuthenticationManager configured with AuthenticationProvider bean with name authenticationProvider
2025-10-06T23:03:55.420-05:00  WARN 31916 --- [TuTicket] [restartedMain] r$InitializeUserDetailsManagerConfigurer : Global AuthenticationManager configured with an AuthenticationProvider bean. UserDetailsService beans will not be used by Spring Security for automatically configuring username/password login. Consider removing the AuthenticationProvider bean. Alternatively, consider using the UserDetailsService in a manually instantiated DaoAuthenticationProvider. If the current configuration is intentional, to turn off this warning, increase the logging level of 'org.springframework.security.config.annotation.authentication.configuration.InitializeUserDetailsBeanManagerConfigurer' to ERROR
2025-10-06T23:03:56.090-05:00  WARN 31916 --- [TuTicket] [restartedMain] JpaBaseConfiguration$JpaWebConfiguration : spring.jpa.open-in-view is enabled by default. Therefore, database queries may be performed during view rendering. Explicitly configure spring.jpa.open-in-view to disable this warning
2025-10-06T23:03:57.626-05:00  INFO 31916 --- [TuTicket] [restartedMain] o.s.b.d.a.OptionalLiveReloadServer       : LiveReload server is running on port 35729
2025-10-06T23:03:57.707-05:00  INFO 31916 --- [TuTicket] [restartedMain] o.s.b.w.embedded.tomcat.TomcatWebServer  : Tomcat started on port 8080 (http) with context path '/'
2025-10-06T23:03:57.721-05:00  INFO 31916 --- [TuTicket] [restartedMain] c.g.TuTicket.TuTicketApplication         : Started TuTicketApplication in 10.653 seconds (process running for 12.061)
2025-10-06T23:04:24.974-05:00  INFO 31916 --- [TuTicket] [SpringApplicationShutdownHook] o.s.b.w.e.tomcat.GracefulShutdown        : Commencing graceful shutdown. Waiting for active requests to complete
2025-10-06T23:04:24.988-05:00  INFO 31916 --- [TuTicket] [tomcat-shutdown] o.s.b.w.e.tomcat.GracefulShutdown        : Graceful shutdown complete
2025-10-06T23:04:24.999-05:00  INFO 31916 --- [TuTicket] [SpringApplicationShutdownHook] j.LocalContainerEntityManagerFactoryBean : Closing JPA EntityManagerFactory for persistence unit 'default'
2025-10-06T23:04:25.005-05:00  INFO 31916 --- [TuTicket] [SpringApplicationShutdownHook] com.zaxxer.hikari.HikariDataSource       : HikariPool-1 - Shutdown initiated...
2025-10-06T23:04:25.009-05:00  INFO 31916 --- [TuTicket] [SpringApplicationShutdownHook] com.zaxxer.hikari.HikariDataSource       : HikariPool-1 - Shutdown completed.
2025-10-06T23:05:19.643-05:00  INFO 30220 --- [TuTicket] [restartedMain] c.g.TuTicket.TuTicketApplication         : Starting TuTicketApplication using Java 23 with PID 30220 (C:\Users\Rodri\Documents\ProgramingProjects\Ingesoft\TicketSync\backend\target\classes started by Rodri in C:\Users\Rodri\Documents\ProgramingProjects\Ingesoft\TicketSync\backend)
2025-10-06T23:05:19.645-05:00  INFO 30220 --- [TuTicket] [restartedMain] c.g.TuTicket.TuTicketApplication         : No active profile set, falling back to 1 default profile: "default"
2025-10-06T23:05:19.709-05:00  INFO 30220 --- [TuTicket] [restartedMain] .e.DevToolsPropertyDefaultsPostProcessor : Devtools property defaults active! Set 'spring.devtools.add-properties' to 'false' to disable
2025-10-06T23:05:19.709-05:00  INFO 30220 --- [TuTicket] [restartedMain] .e.DevToolsPropertyDefaultsPostProcessor : For additional web related logging consider setting the 'logging.level.web' property to 'DEBUG'
2025-10-06T23:05:20.721-05:00  INFO 30220 --- [TuTicket] [restartedMain] .s.d.r.c.RepositoryConfigurationDelegate : Bootstrapping Spring Data JPA repositories in DEFAULT mode.
2025-10-06T23:05:20.841-05:00  INFO 30220 --- [TuTicket] [restartedMain] .s.d.r.c.RepositoryConfigurationDelegate : Finished Spring Data repository scanning in 109 ms. Found 18 JPA repository interfaces.
2025-10-06T23:05:21.441-05:00  INFO 30220 --- [TuTicket] [restartedMain] o.s.b.w.embedded.tomcat.TomcatWebServer  : Tomcat initialized with port 8080 (http)
2025-10-06T23:05:21.456-05:00  INFO 30220 --- [TuTicket] [restartedMain] o.apache.catalina.core.StandardService   : Starting service [Tomcat]
2025-10-06T23:05:21.456-05:00  INFO 30220 --- [TuTicket] [restartedMain] o.apache.catalina.core.StandardEngine    : Starting Servlet engine: [Apache Tomcat/10.1.46]
2025-10-06T23:05:21.519-05:00  INFO 30220 --- [TuTicket] [restartedMain] o.a.c.c.C.[Tomcat].[localhost].[/]       : Initializing Spring embedded WebApplicationContext
2025-10-06T23:05:21.520-05:00  INFO 30220 --- [TuTicket] [restartedMain] w.s.c.ServletWebServerApplicationContext : Root WebApplicationContext: initialization completed in 1809 ms
2025-10-06T23:05:21.734-05:00  INFO 30220 --- [TuTicket] [restartedMain] com.zaxxer.hikari.HikariDataSource       : HikariPool-1 - Starting...
2025-10-06T23:05:22.045-05:00  INFO 30220 --- [TuTicket] [restartedMain] com.zaxxer.hikari.pool.HikariPool        : HikariPool-1 - Added connection org.postgresql.jdbc.PgConnection@3e3b8f1d
2025-10-06T23:05:22.046-05:00  INFO 30220 --- [TuTicket] [restartedMain] com.zaxxer.hikari.HikariDataSource       : HikariPool-1 - Start completed.
2025-10-06T23:05:22.092-05:00  INFO 30220 --- [TuTicket] [restartedMain] o.hibernate.jpa.internal.util.LogHelper  : HHH000204: Processing PersistenceUnitInfo [name: default]
2025-10-06T23:05:22.139-05:00  INFO 30220 --- [TuTicket] [restartedMain] org.hibernate.Version                    : HHH000412: Hibernate ORM core version 6.6.29.Final
2025-10-06T23:05:22.178-05:00  INFO 30220 --- [TuTicket] [restartedMain] o.h.c.internal.RegionFactoryInitiator    : HHH000026: Second-level cache disabled
2025-10-06T23:05:22.562-05:00  INFO 30220 --- [TuTicket] [restartedMain] o.s.o.j.p.SpringPersistenceUnitInfo      : No LoadTimeWeaver setup: ignoring JPA class transformer
2025-10-06T23:05:22.646-05:00  WARN 30220 --- [TuTicket] [restartedMain] org.hibernate.orm.deprecation            : HHH90000025: PostgreSQLDialect does not need to be specified explicitly using 'hibernate.dialect' (remove the property setting and it will be selected by default)
2025-10-06T23:05:22.666-05:00  INFO 30220 --- [TuTicket] [restartedMain] org.hibernate.orm.connections.pooling    : HHH10001005: Database info:
	Database JDBC URL [Connecting through datasource 'HikariDataSource (HikariPool-1)']
	Database driver: undefined/unknown
	Database version: 17.6
	Autocommit mode: undefined/unknown
	Isolation level: undefined/unknown
	Minimum pool size: undefined/unknown
	Maximum pool size: undefined/unknown
2025-10-06T23:05:23.972-05:00  INFO 30220 --- [TuTicket] [restartedMain] o.h.e.t.j.p.i.JtaPlatformInitiator       : HHH000489: No JTA platform available (set 'hibernate.transaction.jta.platform' to enable JTA platform integration)
2025-10-06T23:05:23.978-05:00  INFO 30220 --- [TuTicket] [restartedMain] j.LocalContainerEntityManagerFactoryBean : Initialized JPA EntityManagerFactory for persistence unit 'default'
2025-10-06T23:05:24.304-05:00  INFO 30220 --- [TuTicket] [restartedMain] eAuthenticationProviderManagerConfigurer : Global AuthenticationManager configured with AuthenticationProvider bean with name authenticationProvider
2025-10-06T23:05:24.305-05:00  WARN 30220 --- [TuTicket] [restartedMain] r$InitializeUserDetailsManagerConfigurer : Global AuthenticationManager configured with an AuthenticationProvider bean. UserDetailsService beans will not be used by Spring Security for automatically configuring username/password login. Consider removing the AuthenticationProvider bean. Alternatively, consider using the UserDetailsService in a manually instantiated DaoAuthenticationProvider. If the current configuration is intentional, to turn off this warning, increase the logging level of 'org.springframework.security.config.annotation.authentication.configuration.InitializeUserDetailsBeanManagerConfigurer' to ERROR
2025-10-06T23:05:24.643-05:00  WARN 30220 --- [TuTicket] [restartedMain] JpaBaseConfiguration$JpaWebConfiguration : spring.jpa.open-in-view is enabled by default. Therefore, database queries may be performed during view rendering. Explicitly configure spring.jpa.open-in-view to disable this warning
2025-10-06T23:05:25.312-05:00  INFO 30220 --- [TuTicket] [restartedMain] o.s.b.d.a.OptionalLiveReloadServer       : LiveReload server is running on port 35729
2025-10-06T23:05:25.370-05:00  INFO 30220 --- [TuTicket] [restartedMain] o.s.b.w.embedded.tomcat.TomcatWebServer  : Tomcat started on port 8080 (http) with context path '/'
2025-10-06T23:05:25.379-05:00  INFO 30220 --- [TuTicket] [restartedMain] c.g.TuTicket.TuTicketApplication         : Started TuTicketApplication in 6.34 seconds (process running for 7.298)
2025-10-06T23:05:31.484-05:00  INFO 30220 --- [TuTicket] [http-nio-0.0.0.0-8080-exec-5] o.a.c.c.C.[Tomcat].[localhost].[/]       : Initializing Spring DispatcherServlet 'dispatcherServlet'
2025-10-06T23:05:31.485-05:00  INFO 30220 --- [TuTicket] [http-nio-0.0.0.0-8080-exec-5] o.s.web.servlet.DispatcherServlet        : Initializing Servlet 'dispatcherServlet'
2025-10-06T23:05:31.486-05:00  INFO 30220 --- [TuTicket] [http-nio-0.0.0.0-8080-exec-5] o.s.web.servlet.DispatcherServlet        : Completed initialization in 1 ms
2025-10-06T23:07:04.174-05:00  INFO 30220 --- [TuTicket] [SpringApplicationShutdownHook] o.s.b.w.e.tomcat.GracefulShutdown        : Commencing graceful shutdown. Waiting for active requests to complete
2025-10-06T23:07:04.186-05:00  INFO 30220 --- [TuTicket] [tomcat-shutdown] o.s.b.w.e.tomcat.GracefulShutdown        : Graceful shutdown complete
2025-10-06T23:07:04.193-05:00  INFO 30220 --- [TuTicket] [SpringApplicationShutdownHook] j.LocalContainerEntityManagerFactoryBean : Closing JPA EntityManagerFactory for persistence unit 'default'
2025-10-06T23:07:04.198-05:00  INFO 30220 --- [TuTicket] [SpringApplicationShutdownHook] com.zaxxer.hikari.HikariDataSource       : HikariPool-1 - Shutdown initiated...
2025-10-06T23:07:04.200-05:00  INFO 30220 --- [TuTicket] [SpringApplicationShutdownHook] com.zaxxer.hikari.HikariDataSource       : HikariPool-1 - Shutdown completed.
